<?xml version="1.0" encoding="UTF-8"?>
<!-- $Id$ -->
<body>
	<cart>
		<count>0</count>
		<description>My New Shopping Cart</description>
		<id>A244E945-117E-4BE2-B34B-3155C4438749</id>
		<name>New Cart</name>
		<shopper>3AFA39E4-F420-4B17-85F2-C2270F07DB16</shopper>
		<subtotal>0</subtotal>
		<type>1</type>
	</cart>
	<cart>
		<count>0</count>
		<description>My New Description</description>
		<id>A244E945-117E-4BE2-B34B-3155C4438749</id>
		<name>My New Name</name>
		<shopper>846E82AC-E8BF-4348-86CD-C521C1E3194A</shopper>
		<subtotal>0</subtotal>
		<type>0</type>
	</cart>
	<cart>
		<count>0</count>
		<description>My New Shopping Cart 2</description>
		<id>CCC624F9-7AC1-4F60-A63E-63B1A8981B28</id>
		<name>New Cart 2</name>
		<shopper>3AFA39E4-F420-4B17-85F2-C2270F07DB16</shopper>
		<subtotal>0</subtotal>
		<type>1</type>
	</cart>
	<cart>
		<count>0</count>
		<description>My New Description</description>
		<id>CCC624F9-7AC1-4F60-A63E-63B1A8981B28</id>
		<name>My New Name</name>
		<shopper>846E82AC-E8BF-4348-86CD-C521C1E3194A</shopper>
		<subtotal>0</subtotal>
		<type>0</type>
	</cart>
</body>
