<?xml version="1.0" encoding="UTF-8"?>
<!-- $Id$ -->
<body>
	<cart>
		<count>0</count>
		<description>My New Shopping Cart</description>
		<id>9F50BCBE-9F7C-4713-B317-216A8EA83CC8</id>
		<name>New Cart</name>
		<shopper>B320EB56-710D-4145-9484-7C826C729602</shopper>
		<subtotal>0</subtotal>
		<type>0</type>
		<type>1</type>
	</cart>
	<cart>
		<count>0</count>
		<description>My New Shopping Cart 2</description>
		<id>77B19673-D1BD-4D36-9B0E-83B3C77E49B7</id>
		<name>New Cart 2</name>
		<shopper>B320EB56-710D-4145-9484-7C826C729602</shopper>
		<subtotal>0</subtotal>
		<type>0</type>
		<type>1</type>
	</cart>
</body>
