<?xml version="1.0" encoding="UTF-8"?>
<!-- $Id$ -->
<body>
	<cart>
		<count>0</count>
		<description>My New Shopping Cart</description>
		<id>D0EF03E8-2FCE-4E66-BE83-241BC316B381</id>
		<name>New Cart</name>
		<shopper>41612C26-C655-4FF6-8FA8-35D8DC07AEF6</shopper>
		<subtotal>0</subtotal>
		<type>0</type>
	</cart>
	<addeditem>
		<description>My New Item</description>
		<id>C3496D46-508D-44B2-B0E5-E53B9B9E10F0</id>
		<price>3.33</price>
		<quantity>3</quantity>
		<sku>NEWSKU789</sku>
		<total>9.99</total>
	</addeditem>
	<cart>
		<count>1</count>
		<description>My New Shopping Cart</description>
		<id>D0EF03E8-2FCE-4E66-BE83-241BC316B381</id>
		<name>New Cart</name>
		<shopper>41612C26-C655-4FF6-8FA8-35D8DC07AEF6</shopper>
		<subtotal>9.99</subtotal>
		<type>0</type>
	</cart>
</body>
