<?xml version="1.0" encoding="UTF-8"?>
<!-- $Id$ -->
<body>
	<cart>
		<count>2</count>
		<description>My New Shopping Cart</description>
		<id>61EA6588-22B7-43AE-AF35-169A40E21899</id>
		<name>New Cart</name>
		<shopper>F0FC9F05-6692-498F-A1B6-305687AB059A</shopper>
		<subtotal>3.47</subtotal>
		<type>0</type>
		<count>1</count>
		<subtotal>1.01</subtotal>
	</cart>
	<cart>
		<count>2</count>
		<description>My New Shopping Cart 2</description>
		<id>FB52DB56-4BED-4F70-869D-0BAC2427186D</id>
		<name>New Cart 2</name>
		<shopper>F0FC9F05-6692-498F-A1B6-305687AB059A</shopper>
		<subtotal>3.47</subtotal>
		<type>0</type>
		<count>1</count>
		<subtotal>1.01</subtotal>
	</cart>
</body>
