[%# $Id$ %]
<body>
	<cart>
		<count>2</count>
		<description>My First Shopping Cart</description>
		<id>76DFA8B1-644A-44C5-B545-7D0BAE09313D</id>
		<name>New Cart 1</name>
		<shopper>471DAC4F-BDAB-409C-B64C-5C7745252BC2</shopper>
		<subtotal>5.55</subtotal>
		<type>1</type>
		<item>
			<description>Description 1</description>
			<id>ACB8CA46-C119-47C1-B38B-73119770294E</id>
			<price>1.11</price>
			<quantity>1</quantity>
			<sku>SKU1</sku>
			<total>1.11</total>
		</item>
		<item>
			<description>Description 2</description>
			<id>D1D94E55-D270-43D5-A8EE-128FD053B97A</id>
			<price>2.22</price>
			<quantity>2</quantity>
			<sku>SKU2</sku>
			<total>4.44</total>
		</item>
		<count>4</count>
		<subtotal>33.3</subtotal>
		<restoreditem>
			<description>Description 1</description>
			<price>1.11</price>
			<quantity>1</quantity>
			<sku>SKU1</sku>
			<total>1.11</total>
		</restoreditem>
		<restoreditem>
			<description>Description 2</description>
			<price>2.22</price>
			<quantity>2</quantity>
			<sku>SKU2</sku>
			<total>4.44</total>
		</restoreditem>
		<restoreditem>
			<description>Description 3</description>
			<price>3.33</price>
			<quantity>3</quantity>
			<sku>SKU3</sku>
			<total>9.99</total>
		</restoreditem>
		<restoreditem>
			<description>Description 4</description>
			<price>4.44</price>
			<quantity>4</quantity>
			<sku>SKU4</sku>
			<total>17.76</total>
		</restoreditem>
	</cart>
</body>
