[%# $Id$ %]
<body>
	<cart>
		<count>2</count>
		<description>My New Shopping Cart</description>
		<id>6509982B-14B3-4AB0-8DEB-B5160B115521</id>
		<name>New Cart</name>
		<shopper>BEF1EC2E-DA24-42B3-907A-F1EA796E13E9</shopper>
		<subtotal>5.55</subtotal>
		<type>0</type>
		<item>
			<description>Description 1</description>
			<id>E766EAC7-CB67-4BFC-A54F-592B1F029363</id>
			<price>1.11</price>
			<quantity>1</quantity>
			<sku>SKU1</sku>
			<total>1.11</total>
		</item>
		<updateditem>
			<description>My Updated Item</description>
			<id>E766EAC7-CB67-4BFC-A54F-592B1F029363</id>
			<price>10.13</price>
			<quantity>22</quantity>
			<sku>UPDATED123</sku>
			<total>222.86</total>
		</updateditem>
		<item>
			<description>Description 2</description>
			<id>AC156B65-0779-4D96-AE72-CAB2E981F34E</id>
			<price>2.22</price>
			<quantity>2</quantity>
			<sku>SKU2</sku>
			<total>4.44</total>
		</item>
		<updateditem>
			<description>My Updated Item</description>
			<id>AC156B65-0779-4D96-AE72-CAB2E981F34E</id>
			<price>10.13</price>
			<quantity>22</quantity>
			<sku>UPDATED123</sku>
			<total>222.86</total>
		</updateditem>
		<subtotal>445.72</subtotal>
	</cart>
</body>
