[%# $Id$ %]
<body>
	<cart>
		<count>2</count>
		<description>My New Shopping Cart</description>
		<id>E516A609-1905-4C7B-AC82-C33D50DE7AB3</id>
		<name>New Cart</name>
		<shopper>162B8421-4A16-4C13-AB95-968CB2BB5564</shopper>
		<subtotal>5.55</subtotal>
		<type>0</type>
		<item>
			<description>Description 1</description>
			<id>251371DD-B19C-4D03-B0E7-6A828E5CA14E</id>
			<price>1.11</price>
			<quantity>1</quantity>
			<sku>SKU1</sku>
			<total>1.11</total>
		</item>
		<item>
			<description>Description 2</description>
			<id>2330BAA8-288B-4102-988E-BA1ABA0A5BE8</id>
			<price>2.22</price>
			<quantity>2</quantity>
			<sku>SKU2</sku>
			<total>4.44</total>
		</item>
	</cart>
</body>
