[%# $Id$ %]
<body>
	<cart>
		<count>0</count>
		<description>My New Shopping Cart</description>
		<id>535FD0DD-A88E-42B0-B503-7FFB4384B4D6</id>
		<name>New Cart</name>
		<shopper>3558080C-9C97-424B-B5CB-D2133A31B3BD</shopper>
		<subtotal>0</subtotal>
		<type>1</type>
	</cart>
	<cart>
		<count>0</count>
		<description>My New Description</description>
		<id>535FD0DD-A88E-42B0-B503-7FFB4384B4D6</id>
		<name>My New Name</name>
		<shopper>846E82AC-E8BF-4348-86CD-C521C1E3194A</shopper>
		<subtotal>0</subtotal>
		<type>0</type>
	</cart>
</body>
