[%# $Id$ %]
<body>
	<cart>
		<count>2</count>
		<description>My First Shopping Cart</description>
		<id>32EAE1FC-FAD1-4C58-8826-5B9064DE0D63</id>
		<name>New Cart 1</name>
		<shopper>F304CEDF-A62D-4078-8773-1DB3143BBE77</shopper>
		<subtotal>5.55</subtotal>
		<type>1</type>
		<item>
			<description>Description 1</description>
			<id>68631AFE-E953-4866-9BAD-AFA3CA654255</id>
			<price>1.11</price>
			<quantity>1</quantity>
			<sku>SKU1</sku>
			<total>1.11</total>
		</item>
		<item>
			<description>Description 2</description>
			<id>22C94C74-8CCD-4894-A489-F0FEFDFA64ED</id>
			<price>2.22</price>
			<quantity>2</quantity>
			<sku>SKU2</sku>
			<total>4.44</total>
		</item>
		<count>3</count>
		<subtotal>16.65</subtotal>
		<restoreditem>
			<description>Description 1</description>
			<price>1.11</price>
			<quantity>2</quantity>
			<sku>SKU1</sku>
			<total>2.22</total>
		</restoreditem>
		<restoreditem>
			<description>Description 2</description>
			<price>2.22</price>
			<quantity>2</quantity>
			<sku>SKU2</sku>
			<total>4.44</total>
		</restoreditem>
		<restoreditem>
			<description>Description 3</description>
			<price>3.33</price>
			<quantity>3</quantity>
			<sku>SKU3</sku>
			<total>9.99</total>
		</restoreditem>
	</cart>
</body>
