[%# $Id$ %]
<body>
	<cart>
		<count>0</count>
		<description>My New Shopping Cart</description>
		<id>94FE4F12-4C1A-46E4-9DD5-3757555862A8</id>
		<name>New Cart</name>
		<shopper>B002A4CB-2D60-4743-B4E5-D54F999944E6</shopper>
		<subtotal>0</subtotal>
		<type>0</type>
	</cart>
	<addeditem>
		<description>My New Item</description>
		<id>9BE94446-ABB8-493D-9C8D-5177901B59D3</id>
		<price>2.22</price>
		<quantity>2</quantity>
		<sku>NEWSKU456</sku>
		<total>4.44</total>
	</addeditem>
	<cart>
		<count>1</count>
		<description>My New Shopping Cart</description>
		<id>94FE4F12-4C1A-46E4-9DD5-3757555862A8</id>
		<name>New Cart</name>
		<shopper>B002A4CB-2D60-4743-B4E5-D54F999944E6</shopper>
		<subtotal>4.44</subtotal>
		<type>0</type>
	</cart>
</body>
