<!-- $Id$ -->
<body>
	<order>
		<count>2</count>
		<id>11111111-1111-1111-1111-111111111111</id>
		<shopper>11111111-1111-1111-1111-111111111111</shopper>
		<type>0</type>
		<billtofirstname>Christopher</billtofirstname>
		<billtolastname>Laco</billtolastname>
		<billtoaddress1>BillToAddress1</billtoaddress1>
		<billtoaddress2>BillToAddress2</billtoaddress2>
		<billtoaddress3>BillToAddress3</billtoaddress3>
		<billtocity>BillToCity</billtocity>
		<billtostate>BillToState</billtostate>
		<billtozip>BillToZip</billtozip>
		<billtocountry>BillToCountry</billtocountry>
		<billtodayphone>1-111-111-1111</billtodayphone>
		<billtonightphone>2-222-222-2222</billtonightphone>
		<billtofax>3-333-333-3333</billtofax>
		<billtoemail>mendlefarg@gmail.com</billtoemail>
		<comments>Comments</comments>
		<created>20050715T201234Z</created>
		<handling>8.95</handling>
		<number>O123456789</number>
		<shipmethod>UPS Ground</shipmethod>
		<shipping>23.95</shipping>
		<shiptosameasbillto>0</shiptosameasbillto>
		<shiptofirstname>Christopher</shiptofirstname>
		<shiptolastname>Laco</shiptolastname>
		<shiptoaddress1>ShipToAddress1</shiptoaddress1>
		<shiptoaddress2>ShipToAddress2</shiptoaddress2>
		<shiptoaddress3>ShipToAddress3</shiptoaddress3>
		<shiptocity>ShipToCity</shiptocity>
		<shiptostate>ShipToState</shiptostate>
		<shiptozip>ShipToZip</shiptozip>
		<shiptocountry>ShipToCountry</shiptocountry>
		<shiptodayphone>4-444-444-4444</shiptodayphone>
		<shiptonightphone>5-555-555-5555</shiptonightphone>
		<shiptofax>6-666-666-6666</shiptofax>
		<shiptoemail>chrislaco@hotmail.com</shiptoemail>
		<subtotal>5.55</subtotal>
		<total>37.95</total>
		<tax>6.66</tax>
		<updated>20050716T201234Z</updated>
		<item>
			<description>Line Item SKU 1</description>
			<id>11111111-1111-1111-1111-111111111111</id>
			<price>1.11</price>
			<quantity>1</quantity>
			<sku>SKU1111</sku>
			<total>0</total>
		</item>
		<item>
			<description>Line Item SKU 2</description>
			<id>22222222-2222-2222-2222-222222222222</id>
			<price>2.22</price>
			<quantity>2</quantity>
			<sku>SKU2222</sku>
			<total>0</total>
		</item>
	</order>
</body>
