[%# $Id%]
<body>
	<order>
		<count>0</count>
		<id>535FD0DD-A88E-42B0-B503-7FFB4384B4D6</id>
		<shopper>3558080C-9C97-424B-B5CB-D2133A31B3BD</shopper>
		<type>1</type>
		<billtofirstname>Christopher</billtofirstname>
		<billtolastname>Laco</billtolastname>
		<billtoaddress1>BillToAddress1</billtoaddress1>
		<billtoaddress2>BillToAddress2</billtoaddress2>
		<billtoaddress3>BillToAddress3</billtoaddress3>
		<billtocity>BillToCity</billtocity>
		<billtostate>BillToState</billtostate>
		<billtozip>BillToZip</billtozip>
		<billtocountry>BillToCountry</billtocountry>
		<billtodayphone>1-111-111-1111</billtodayphone>
		<billtonightphone>2-222-222-2222</billtonightphone>
		<billtofax>3-333-333-3333</billtofax>
		<billtoemail>mendlefarg@gmail.com</billtoemail>
		<comments>Comments</comments>
		<created>20050715T201234Z</created>
		<handling>8.95</handling>
		<number>O123456789</number>
		<shipmethod>UPS Ground</shipmethod>
		<shipping>23.95</shipping>
		<shiptosameasbillto>0</shiptosameasbillto>
		<shiptofirstname>Christopher</shiptofirstname>
		<shiptolastname>Laco</shiptolastname>
		<shiptoaddress1>ShipToAddress1</shiptoaddress1>
		<shiptoaddress2>ShipToAddress2</shiptoaddress2>
		<shiptoaddress3>ShipToAddress3</shiptoaddress3>
		<shiptocity>ShipToCity</shiptocity>
		<shiptostate>ShipToState</shiptostate>
		<shiptozip>ShipToZip</shiptozip>
		<shiptocountry>ShipToCountry</shiptocountry>
		<shiptodayphone>4-444-444-4444</shiptodayphone>
		<shiptonightphone>5-555-555-5555</shiptonightphone>
		<shiptofax>6-666-666-6666</shiptofax>
		<shiptoemail>chrislaco@hotmail.com</shiptoemail>
		<subtotal>37.95</subtotal>
		<total>37.95</total>
		<tax>6.66</tax>
		<updated>20050716T201234Z</updated>
	</order>
	<order>
		<count>0</count>
		<id>535FD0DD-A88E-42B0-B503-7FFB4384B4D6</id>
		<shopper>846E82AC-E8BF-4348-86CD-C521C1E3194A</shopper>
		<type>0</type>
		<billtofirstname>UChristopher</billtofirstname>
		<billtolastname>ULaco</billtolastname>
		<billtoaddress1>UBillToAddress1</billtoaddress1>
		<billtoaddress2>UBillToAddress2</billtoaddress2>
		<billtoaddress3>UBillToAddress3</billtoaddress3>
		<billtocity>UBillToCity</billtocity>
		<billtostate>UBillToState</billtostate>
		<billtozip>UBillToZip</billtozip>
		<billtocountry>UBillToCountry</billtocountry>
		<billtodayphone>U1-111-111-1111</billtodayphone>
		<billtonightphone>U2-222-222-2222</billtonightphone>
		<billtofax>U3-333-333-3333</billtofax>
		<billtoemail>Umendlefarg@gmail.com</billtoemail>
		<comments>UComments</comments>
		<created>U20050715T201234Z</created>
		<handling>8.96</handling>
		<number>O123456786</number>
		<shipmethod>UUPS Ground</shipmethod>
		<shipping>23.96</shipping>
		<shiptosameasbillto>1</shiptosameasbillto>
		<shiptofirstname>UChristopher</shiptofirstname>
		<shiptolastname>ULaco</shiptolastname>
		<shiptoaddress1>UShipToAddress1</shiptoaddress1>
		<shiptoaddress2>UShipToAddress2</shiptoaddress2>
		<shiptoaddress3>UShipToAddress3</shiptoaddress3>
		<shiptocity>UShipToCity</shiptocity>
		<shiptostate>UShipToState</shiptostate>
		<shiptozip>UShipToZip</shiptozip>
		<shiptocountry>UShipToCountry</shiptocountry>
		<shiptodayphone>U4-444-444-4444</shiptodayphone>
		<shiptonightphone>U5-555-555-5555</shiptonightphone>
		<shiptofax>U6-666-666-6666</shiptofax>
		<shiptoemail>Uchrislaco@hotmail.com</shiptoemail>
		<subtotal>37.96</subtotal>
		<total>37.96</total>
		<tax>6.67</tax>
		<updated>U20050716T201234Z</updated>
	</order>
</body>
