<?xml version="1.0" encoding="UTF-8"?>
<!-- $Id$ -->
<body>
	<cart>
		<item>
			<description>My New Item</description>
			<id>78F6AE28-55D3-4CB7-9D63-93EA608478FC</id>
			<quantity><cart:quantity/></quantity>
			<price><cart:price/></price>
			<sku>NEWSKU123</sku>
			<total>2.46</total>
		</item>
		<count>1</count>
		<description>My New Shopping Cart</description>
		<id>C9327404-61D8-491A-8071-701573FEE4AE</id>
		<name>New Cart</name>
		<shopper>7A18720A-A68B-4175-8C6D-8F1B10693346</shopper>
		<subtotal>2.46</subtotal>
		<type>0</type>
	</cart>
</body>
