<?xml version="1.0" encoding="UTF-8"?>
<!-- $Id$ -->
<body>
	<cart>
		<count>0</count>
		<description>My New Shopping Cart</description>
		<id>279C429E-547C-4429-9DA9-357659E3F654</id>
		<name>New Cart</name>
		<shopper>15EAE035-FCF2-4CE2-911C-D2D5EEA1FEB4</shopper>
		<subtotal>0</subtotal>
		<type>0</type>
	</cart>
	<cart>
		<count>0</count>
		<description>My New Shopping Cart</description>
		<id>279C429E-547C-4429-9DA9-357659E3F654</id>
		<name>New Cart</name>
		<shopper>15EAE035-FCF2-4CE2-911C-D2D5EEA1FEB4</shopper>
		<subtotal>0</subtotal>
		<type>0</type>
		<type>1</type>
	</cart>
</body>
