<?xml version="1.0" encoding="UTF-8"?>
<!-- $Id$ -->
<body>
	<cart>
		<count>3</count>
		<description>My New Shopping Cart</description>
		<id>FBC4A843-2667-48ED-AA9F-EF4B52537E72</id>
		<name>New Cart</name>
		<shopper>FE816B07-7E3D-4A00-97D4-667FEA60F767</shopper>
		<subtotal>15.54</subtotal>
		<type>0</type>
		<item>
			<description>Description 2</description>
			<id>46C2D004-4694-4C66-B901-8E2CEE6CB9FD</id>
			<price>2.22</price>
			<quantity>2</quantity>
			<sku>SKU2</sku>
			<total>4.44</total>
		</item>
		<item>
			<description>Description 3</description>
			<id>C9036322-4F7B-4B21-9084-46017927718B</id>
			<price>3.33</price>
			<quantity>3</quantity>
			<sku>SKU3</sku>
			<total>9.99</total>
		</item>
	</cart>
</body>
