<?xml version="1.0" encoding="UTF-8"?>
<!-- $Id$ -->
<body>
	<cart>
		<count>2</count>
		<description>My New Shopping Cart</description>
		<id>6E05A8A3-B2D7-4F70-9982-D8A37018F003</id>
		<name>New Cart</name>
		<shopper>15F09233-54EC-4B27-99AC-6C624BA70B0D</shopper>
		<subtotal>5.55</subtotal>
		<type>0</type>
		<item>
			<description>Description 1</description>
			<id>E72CC2DA-1C87-4A4D-9BD5-99B1D45DB301</id>
			<price>1.11</price>
			<quantity>1</quantity>
			<sku>SKU1</sku>
			<total>1.11</total>
		</item>
		<item>
			<description>My Updated Item</description>
			<id>E72CC2DA-1C87-4A4D-9BD5-99B1D45DB301</id>
			<price>3.33</price>
			<quantity>3</quantity>
			<sku>UPDATED123</sku>
			<total>3.33</total>
		</item>
		<item>
			<description>Description 1</description>
			<id>0FB50961-6F51-4A6D-B224-B85BBCD8E357</id>
			<price>1.11</price>
			<quantity>1</quantity>
			<sku>SKU1</sku>
			<total>1.11</total>
		</item>
		<item>
			<description>My Updated Item</description>
			<id>0FB50961-6F51-4A6D-B224-B85BBCD8E357</id>
			<price>3.33</price>
			<quantity>3</quantity>
			<sku>UPDATED123</sku>
			<total>3.33</total>
		</item>
		<subtotal>19.98</subtotal>
	</cart>
	<cart>
		<count>2</count>
		<description>My New Shopping Cart 2</description>
		<id>F6225A35-702C-462C-A9BB-A59FAF33A442</id>
		<name>New Cart 2</name>
		<shopper>15F09233-54EC-4B27-99AC-6C624BA70B0D</shopper>
		<subtotal>27.75</subtotal>
		<type>0</type>
		<item>
			<description>Description 3</description>
			<id>DFDAB889-CB9A-4887-9FFF-7BF4BB81D5B0</id>
			<price>3.33</price>
			<quantity>3</quantity>
			<sku>SKU1</sku>
			<total>9.99</total>
		</item>
		<item>
			<description>My Updated Item</description>
			<id>DFDAB889-CB9A-4887-9FFF-7BF4BB81D5B0</id>
			<price>3.33</price>
			<quantity>3</quantity>
			<sku>UPDATED123</sku>
			<total>3.33</total>
		</item>
		<item>
			<description>Description 3</description>
			<id>118EB339-A5D5-4F3D-B5D7-62F5819D1CC8</id>
			<price>3.33</price>
			<quantity>3</quantity>
			<sku>SKU1</sku>
			<total>9.99</total>
		</item>
		<item>
			<description>My Updated Item</description>
			<id>118EB339-A5D5-4F3D-B5D7-62F5819D1CC8</id>
			<price>3.33</price>
			<quantity>3</quantity>
			<sku>UPDATED123</sku>
			<total>3.33</total>
		</item>
		<subtotal>19.98</subtotal>
	</cart>
</body>
