<?xml version="1.0" encoding="UTF-8"?>
<!-- $Id$ -->
<body>
	<cart>
		<count>2</count>
		<description>My New Shopping Cart</description>
		<id>2DC8DF80-E037-4F15-922E-228EA0C84847</id>
		<name>New Cart</name>
		<shopper>CD50713A-2FCC-4375-9839-2EB9F046A2E2</shopper>
		<subtotal>5.55</subtotal>
		<type>0</type>
		<item>
			<description>Description 1</description>
			<id>0D07A9B2-BA0C-4942-94D0-D96DCA3389DB</id>
			<price>1.11</price>
			<quantity>1</quantity>
			<sku>SKU1</sku>
			<total>1.11</total>
		</item>
		<item>
			<description>Description 1</description>
			<id>C7DAE698-5ABB-4212-976A-8006CCBD7D36</id>
			<price>1.11</price>
			<quantity>1</quantity>
			<sku>SKU1</sku>
			<total>1.11</total>
		</item>
	</cart>
	<cart>
		<count>2</count>
		<description>My New Shopping Cart 2</description>
		<id>29B53298-D9DA-4BD3-A1B1-0A074AD7C4CE</id>
		<name>New Cart 2</name>
		<shopper>CD50713A-2FCC-4375-9839-2EB9F046A2E2</shopper>
		<subtotal>27.75</subtotal>
		<type>0</type>
		<item>
			<description>Description 3</description>
			<id>A31CBE50-87CA-450C-9439-223167B7904D</id>
			<price>3.33</price>
			<quantity>3</quantity>
			<sku>SKU1</sku>
			<total>9.99</total>
		</item>
		<item>
			<description>Description 3</description>
			<id>5E5DADE4-33D8-474D-8362-2A92327FF184</id>
			<price>3.33</price>
			<quantity>3</quantity>
			<sku>SKU1</sku>
			<total>9.99</total>
		</item>
	</cart>
</body>
