<?xml version="1.0" encoding="UTF-8"?>
<!-- $Id$ -->
<body>
	<cart>
		<count>0</count>
		<description>My First Shopping Cart</description>
		<id>01D41A79-D4A1-4781-867E-3CBEA2474004</id>
		<name>New Cart 1</name>
		<shopper>26959682-3113-4A48-95BB-F98ABD273FBD</shopper>
		<subtotal>0</subtotal>
		<type>1</type>
	</cart>
	<cart>
		<count>0</count>
		<description>My Third Shopping Cart</description>
		<id>143324A1-C4E5-46DC-A66D-80C55700BDCA</id>
		<name>New Cart 3</name>
		<shopper>26959682-3113-4A48-95BB-F98ABD273FBD</shopper>
		<subtotal>0</subtotal>
		<type>1</type>
	</cart>
</body>
