<?xml version="1.0" encoding="UTF-8"?>
<!-- $Id$ -->
<body>
	<cart>
		<count>2</count>
		<description>My New Shopping Cart</description>
		<id>BD40D1CB-7D85-4F47-867A-925E111EB2FC</id>
		<name>New Cart</name>
		<shopper>0CA564F1-EFBC-490F-8586-198FD14E97F8</shopper>
		<subtotal>5.55</subtotal>
		<type>0</type>
		<item>
			<description>Description 1</description>
			<id>EF254990-53FB-46DA-8B8A-A287698D3E64</id>
			<price>1.11</price>
			<quantity>1</quantity>
			<sku>SKU1</sku>
			<total>1.11</total>
		</item>
	</cart>
</body>
