<?xml version="1.0" encoding="UTF-8"?>
<!-- $Id$ -->
<body>
	<order>
		<count>1</count>
		<id>BD40D1CB-7D85-4F47-867A-925E111EB2FA</id>
		<shopper>0CA564F1-EFBC-490F-8586-198FD14E97FA</shopper>
		<type>0</type>
		<billtofirstname>Christopher</billtofirstname>
		<billtolastname>Laco</billtolastname>
		<billtoaddress1>BillToAddress1</billtoaddress1>
		<billtoaddress2>BillToAddress2</billtoaddress2>
		<billtoaddress3>BillToAddress3</billtoaddress3>
		<billtocity>BillToCity</billtocity>
		<billtostate>BillToState</billtostate>
		<billtozip>BillToZip</billtozip>
		<billtocountry>BillToCountry</billtocountry>
		<billtodayphone>1-111-111-1111</billtodayphone>
		<billtonightphone>2-222-222-2222</billtonightphone>
		<billtofax>3-333-333-3333</billtofax>
		<billtoemail>mendlefarg@gmail.com</billtoemail>
		<comments>Comments</comments>
		<created>2005-07-15T20:12:34</created>
		<handling>8.95</handling>
		<handling>8.95 USD</handling>
		<handling>8.95 CAD</handling>
		<handling>&amp;#x0024;8.95</handling>
		<handling>8.95 Canadian Dollar</handling>
		<number>O123456789</number>
		<shipmethod>UPS Ground</shipmethod>
		<shipping>23.95</shipping>
		<shipping>23.95 USD</shipping>
		<shipping>23.95 CAD</shipping>
		<shipping>&amp;#x0024;23.95</shipping>
		<shipping>23.95 Canadian Dollar</shipping>
		<shiptosameasbillto>0</shiptosameasbillto>
		<shiptofirstname>Christopher</shiptofirstname>
		<shiptolastname>Laco</shiptolastname>
		<shiptoaddress1>ShipToAddress1</shiptoaddress1>
		<shiptoaddress2>ShipToAddress2</shiptoaddress2>
		<shiptoaddress3>ShipToAddress3</shiptoaddress3>
		<shiptocity>ShipToCity</shiptocity>
		<shiptostate>ShipToState</shiptostate>
		<shiptozip>ShipToZip</shiptozip>
		<shiptocountry>ShipToCountry</shiptocountry>
		<shiptodayphone>4-444-444-4444</shiptodayphone>
		<shiptonightphone>5-555-555-5555</shiptonightphone>
		<shiptofax>6-666-666-6666</shiptofax>
		<shiptoemail>chrislaco@hotmail.com</shiptoemail>
		<subtotal>37.95</subtotal>
		<subtotal>37.95 USD</subtotal>
		<subtotal>37.95 CAD</subtotal>
		<subtotal>&amp;#x0024;37.95</subtotal>
		<subtotal>37.95 Canadian Dollar</subtotal>
		<total>37.95</total>
		<total>37.95 USD</total>
		<total>37.95 CAD</total>
		<total>&amp;#x0024;37.95</total>
		<total>37.95 Canadian Dollar</total>
		<tax>6.66</tax>
		<tax>6.66 USD</tax>
		<tax>6.66 CAD</tax>
		<tax>&amp;#x0024;6.66</tax>
		<tax>6.66 Canadian Dollar</tax>
		<updated>2005-07-16T20:12:34</updated>
		<item>
			<description>Description 1</description>
			<id>EF254990-53FB-46DA-8B8A-A287698D3E6A</id>
			<price>1.11</price>
			<price>1.11 USD</price>
			<price>1.11 CAD</price>
			<price>&amp;#x0024;1.11</price>
			<price>1.11 Canadian Dollar</price>
			<quantity>2</quantity>
			<sku>SKU1</sku>
			<total>2.22</total>
			<total>2.22 USD</total>
			<total>2.22 CAD</total>
			<total>&amp;#x0024;2.22</total>
			<total>2.22 Canadian Dollar</total>
		</item>
	</order>
</body>
