<?xml version="1.0" encoding="UTF-8"?>
<!-- $Id$ -->
<body>
	<order>
		<count>1</count>
		<id>DDD936A1-9CA7-4910-8EAC-828856A826BF</id>
		<shopper>BD2B48AD-4E60-4CE8-85FE-DEB90147C740</shopper>
		<type>0</type>
		<billtofirstname>Christopher</billtofirstname>
		<billtolastname>Laco</billtolastname>
		<billtoaddress1>BillToAddress1</billtoaddress1>
		<billtoaddress2>BillToAddress2</billtoaddress2>
		<billtoaddress3>BillToAddress3</billtoaddress3>
		<billtocity>BillToCity</billtocity>
		<billtostate>BillToState</billtostate>
		<billtozip>BillToZip</billtozip>
		<billtocountry>BillToCountry</billtocountry>
		<billtodayphone>1-111-111-1111</billtodayphone>
		<billtonightphone>2-222-222-2222</billtonightphone>
		<billtofax>3-333-333-3333</billtofax>
		<billtoemail>mendlefarg@gmail.com</billtoemail>
		<comments>Comments</comments>
		<created>20050715T201234Z</created>
		<handling>8.95</handling>
		<number>O123456789</number>
		<shipmethod>UPS Ground</shipmethod>
		<shipping>23.95</shipping>
		<shiptosameasbillto>0</shiptosameasbillto>
		<shiptofirstname>Christopher</shiptofirstname>
		<shiptolastname>Laco</shiptolastname>
		<shiptoaddress1>ShipToAddress1</shiptoaddress1>
		<shiptoaddress2>ShipToAddress2</shiptoaddress2>
		<shiptoaddress3>ShipToAddress3</shiptoaddress3>
		<shiptocity>ShipToCity</shiptocity>
		<shiptostate>ShipToState</shiptostate>
		<shiptozip>ShipToZip</shiptozip>
		<shiptocountry>ShipToCountry</shiptocountry>
		<shiptodayphone>4-444-444-4444</shiptodayphone>
		<shiptonightphone>5-555-555-5555</shiptonightphone>
		<shiptofax>6-666-666-6666</shiptofax>
		<shiptoemail>chrislaco@hotmail.com</shiptoemail>
		<subtotal>37.95</subtotal>
		<total>37.95</total>
		<tax>6.66</tax>
		<updated>20050716T201234Z</updated>
		<item>
			<description>Description 1</description>
			<id>8DC05B6C-9B24-43F1-B2C4-20B49C65CA01</id>
			<price>1.11</price>
			<quantity>1</quantity>
			<sku>SKU1</sku>
			<total>1.11</total>
		</item>
		<item>
			<description>My Updated Item</description>
			<id>8DC05B6C-9B24-43F1-B2C4-20B49C65CA01</id>
			<price>3.33</price>
			<quantity>3</quantity>
			<sku>UPDATED123</sku>
			<total>9.99</total>
		</item>
	</order>
	<order>
		<count>1</count>
		<id>675040CE-6543-48DD-B781-05648D643C82</id>
		<shopper>BD2B48AD-4E60-4CE8-85FE-DEB90147C740</shopper>
		<type>0</type>
		<billtofirstname>Christopher</billtofirstname>
		<billtolastname>Laco</billtolastname>
		<billtoaddress1>BillToAddress1</billtoaddress1>
		<billtoaddress2>BillToAddress2</billtoaddress2>
		<billtoaddress3>BillToAddress3</billtoaddress3>
		<billtocity>BillToCity</billtocity>
		<billtostate>BillToState</billtostate>
		<billtozip>BillToZip</billtozip>
		<billtocountry>BillToCountry</billtocountry>
		<billtodayphone>1-111-111-1111</billtodayphone>
		<billtonightphone>2-222-222-2222</billtonightphone>
		<billtofax>3-333-333-3333</billtofax>
		<billtoemail>mendlefarg@gmail.com</billtoemail>
		<comments>Comments</comments>
		<created>20050715T201234Z</created>
		<handling>8.95</handling>
		<number>O123456789</number>
		<shipmethod>UPS Ground</shipmethod>
		<shipping>23.95</shipping>
		<shiptosameasbillto>0</shiptosameasbillto>
		<shiptofirstname>Christopher</shiptofirstname>
		<shiptolastname>Laco</shiptolastname>
		<shiptoaddress1>ShipToAddress1</shiptoaddress1>
		<shiptoaddress2>ShipToAddress2</shiptoaddress2>
		<shiptoaddress3>ShipToAddress3</shiptoaddress3>
		<shiptocity>ShipToCity</shiptocity>
		<shiptostate>ShipToState</shiptostate>
		<shiptozip>ShipToZip</shiptozip>
		<shiptocountry>ShipToCountry</shiptocountry>
		<shiptodayphone>4-444-444-4444</shiptodayphone>
		<shiptonightphone>5-555-555-5555</shiptonightphone>
		<shiptofax>6-666-666-6666</shiptofax>
		<shiptoemail>chrislaco@hotmail.com</shiptoemail>
		<subtotal>37.95</subtotal>
		<total>37.95</total>
		<tax>6.66</tax>
		<updated>20050716T201234Z</updated>
		<item>
			<description>Description 2</description>
			<id>50247962-98B2-4272-BBD4-4023FB77A8AE</id>
			<price>2.22</price>
			<quantity>2</quantity>
			<sku>SKU2</sku>
			<total>4.44</total>
		</item>
		<item>
			<description>My Updated Item</description>
			<id>50247962-98B2-4272-BBD4-4023FB77A8AE</id>
			<price>3.33</price>
			<quantity>3</quantity>
			<sku>UPDATED123</sku>
			<total>9.99</total>
		</item>
	</order>
</body>
