<?xml version="1.0" encoding="UTF-8"?>
<!-- $Id$ -->
<body>
	<order>
		<item>
			<description>My New Item</description>
			<id>78F6AE28-55D3-4CB7-9D63-93EA608478FC</id>
			<price>1.23</price>
			<quantity>2</quantity>
			<sku>NEWSKU123</sku>
			<total>2.46</total>
		</item>
		<count>3</count>
		<id>C9327404-61D8-491A-8071-701573FEE4AE</id>
		<shopper>7A18720A-A68B-4175-8C6D-8F1B10693346</shopper>
		<type>0</type>
		<billtofirstname>Christopher</billtofirstname>
		<billtolastname>Laco</billtolastname>
		<billtoaddress1>BillToAddress1</billtoaddress1>
		<billtoaddress2>BillToAddress2</billtoaddress2>
		<billtoaddress3>BillToAddress3</billtoaddress3>
		<billtocity>BillToCity</billtocity>
		<billtostate>BillToState</billtostate>
		<billtozip>BillToZip</billtozip>
		<billtocountry>BillToCountry</billtocountry>
		<billtodayphone>1-111-111-1111</billtodayphone>
		<billtonightphone>2-222-222-2222</billtonightphone>
		<billtofax>3-333-333-3333</billtofax>
		<billtoemail>mendlefarg@gmail.com</billtoemail>
		<comments>Comments</comments>
		<created>20050715T201234Z</created>
		<handling>8.95</handling>
		<number>O123456789</number>
		<shipmethod>UPS Ground</shipmethod>
		<shipping>23.95</shipping>
		<shiptosameasbillto>0</shiptosameasbillto>
		<shiptofirstname>Christopher</shiptofirstname>
		<shiptolastname>Laco</shiptolastname>
		<shiptoaddress1>ShipToAddress1</shiptoaddress1>
		<shiptoaddress2>ShipToAddress2</shiptoaddress2>
		<shiptoaddress3>ShipToAddress3</shiptoaddress3>
		<shiptocity>ShipToCity</shiptocity>
		<shiptostate>ShipToState</shiptostate>
		<shiptozip>ShipToZip</shiptozip>
		<shiptocountry>ShipToCountry</shiptocountry>
		<shiptodayphone>4-444-444-4444</shiptodayphone>
		<shiptonightphone>5-555-555-5555</shiptonightphone>
		<shiptofax>6-666-666-6666</shiptofax>
		<shiptoemail>chrislaco@hotmail.com</shiptoemail>
		<subtotal>5.55</subtotal>
		<total>37.95</total>
		<updated>20050716T201234Z</updated>
	</order>
</body>
