<?xml version="1.0" encoding="UTF-8"?>
<!-- $Id$ -->
<body>
	<order>
		<count>2</count>
		<id>18AB97AE-4A5E-4447-A21C-79DE7A38C27A</id>
		<shopper>E6D80EE0-81C4-414A-A0CF-78E10045848C</shopper>
		<type>0</type>
		<billtofirstname>Christopher</billtofirstname>
		<billtolastname>Laco</billtolastname>
		<billtoaddress1>BillToAddress1</billtoaddress1>
		<billtoaddress2>BillToAddress2</billtoaddress2>
		<billtoaddress3>BillToAddress3</billtoaddress3>
		<billtocity>BillToCity</billtocity>
		<billtostate>BillToState</billtostate>
		<billtozip>BillToZip</billtozip>
		<billtocountry>BillToCountry</billtocountry>
		<billtodayphone>1-111-111-1111</billtodayphone>
		<billtonightphone>2-222-222-2222</billtonightphone>
		<billtofax>3-333-333-3333</billtofax>
		<billtoemail>mendlefarg@gmail.com</billtoemail>
		<comments>Comments</comments>
		<created>20050715T201234Z</created>
		<handling>8.95</handling>
		<number>O123456789</number>
		<shipmethod>UPS Ground</shipmethod>
		<shipping>23.95</shipping>
		<shiptosameasbillto>0</shiptosameasbillto>
		<shiptofirstname>Christopher</shiptofirstname>
		<shiptolastname>Laco</shiptolastname>
		<shiptoaddress1>ShipToAddress1</shiptoaddress1>
		<shiptoaddress2>ShipToAddress2</shiptoaddress2>
		<shiptoaddress3>ShipToAddress3</shiptoaddress3>
		<shiptocity>ShipToCity</shiptocity>
		<shiptostate>ShipToState</shiptostate>
		<shiptozip>ShipToZip</shiptozip>
		<shiptocountry>ShipToCountry</shiptocountry>
		<shiptodayphone>4-444-444-4444</shiptodayphone>
		<shiptonightphone>5-555-555-5555</shiptonightphone>
		<shiptofax>6-666-666-6666</shiptofax>
		<shiptoemail>chrislaco@hotmail.com</shiptoemail>
		<subtotal>37.95</subtotal>
		<total>37.95</total>
		<updated>20050716T201234Z</updated>
		<item>
			<description>Description 2</description>
			<id>E6ECB392-FBFA-4BFB-B5EC-AB98CBDAE5FD</id>
			<price>2.22</price>
			<quantity>2</quantity>
			<sku>SKU2</sku>
			<total>4.44</total>
		</item>
	</order>
</body>
