<?xml version="1.0" encoding="UTF-8"?>
<!-- $Id$ -->
<body>
	<order>
		<count>0</count>
		<id>892AB156-A5F3-4DBA-B140-58F006A2D138</id>
		<shopper>563BD51D-A738-4F5A-8DA5-5A2979A1D377</shopper>
		<type>1</type>
		<billtofirstname>Christopher</billtofirstname>
		<billtolastname>Laco</billtolastname>
		<billtoaddress1>BillToAddress1</billtoaddress1>
		<billtoaddress2>BillToAddress2</billtoaddress2>
		<billtoaddress3>BillToAddress3</billtoaddress3>
		<billtocity>BillToCity</billtocity>
		<billtostate>BillToState</billtostate>
		<billtozip>BillToZip</billtozip>
		<billtocountry>BillToCountry</billtocountry>
		<billtodayphone>1-111-111-1111</billtodayphone>
		<billtonightphone>2-222-222-2222</billtonightphone>
		<billtofax>3-333-333-3333</billtofax>
		<billtoemail>mendlefarg@gmail.com</billtoemail>
		<comments>Comments</comments>
		<created>20050715T201234Z</created>
		<handling>8.95</handling>
		<number>O123456789</number>
		<shipmethod>UPS Ground</shipmethod>
		<shipping>23.95</shipping>
		<shiptosameasbillto>0</shiptosameasbillto>
		<shiptofirstname>Christopher</shiptofirstname>
		<shiptolastname>Laco</shiptolastname>
		<shiptoaddress1>ShipToAddress1</shiptoaddress1>
		<shiptoaddress2>ShipToAddress2</shiptoaddress2>
		<shiptoaddress3>ShipToAddress3</shiptoaddress3>
		<shiptocity>ShipToCity</shiptocity>
		<shiptostate>ShipToState</shiptostate>
		<shiptozip>ShipToZip</shiptozip>
		<shiptocountry>ShipToCountry</shiptocountry>
		<shiptodayphone>4-444-444-4444</shiptodayphone>
		<shiptonightphone>5-555-555-5555</shiptonightphone>
		<shiptofax>6-666-666-6666</shiptofax>
		<shiptoemail>chrislaco@hotmail.com</shiptoemail>
		<subtotal>37.95</subtotal>
		<total>37.95</total>
		<tax>6.66</tax>
		<updated>20050716T201234Z</updated>
	</order>
	<order>
		<count>0</count>
		<id>07895EA8-59BE-450B-B551-49A1A613020F</id>
		<shopper>563BD51D-A738-4F5A-8DA5-5A2979A1D377</shopper>
		<type>1</type>
		<billtofirstname>Christopher</billtofirstname>
		<billtolastname>Laco</billtolastname>
		<billtoaddress1>BillToAddress1</billtoaddress1>
		<billtoaddress2>BillToAddress2</billtoaddress2>
		<billtoaddress3>BillToAddress3</billtoaddress3>
		<billtocity>BillToCity</billtocity>
		<billtostate>BillToState</billtostate>
		<billtozip>BillToZip</billtozip>
		<billtocountry>BillToCountry</billtocountry>
		<billtodayphone>1-111-111-1111</billtodayphone>
		<billtonightphone>2-222-222-2222</billtonightphone>
		<billtofax>3-333-333-3333</billtofax>
		<billtoemail>mendlefarg@gmail.com</billtoemail>
		<comments>Comments</comments>
		<created>20050715T201234Z</created>
		<handling>8.95</handling>
		<number>O123456789</number>
		<shipmethod>UPS Ground</shipmethod>
		<shipping>23.95</shipping>
		<shiptosameasbillto>0</shiptosameasbillto>
		<shiptofirstname>Christopher</shiptofirstname>
		<shiptolastname>Laco</shiptolastname>
		<shiptoaddress1>ShipToAddress1</shiptoaddress1>
		<shiptoaddress2>ShipToAddress2</shiptoaddress2>
		<shiptoaddress3>ShipToAddress3</shiptoaddress3>
		<shiptocity>ShipToCity</shiptocity>
		<shiptostate>ShipToState</shiptostate>
		<shiptozip>ShipToZip</shiptozip>
		<shiptocountry>ShipToCountry</shiptocountry>
		<shiptodayphone>4-444-444-4444</shiptodayphone>
		<shiptonightphone>5-555-555-5555</shiptonightphone>
		<shiptofax>6-666-666-6666</shiptofax>
		<shiptoemail>chrislaco@hotmail.com</shiptoemail>
		<subtotal>37.95</subtotal>
		<total>37.95</total>
		<tax>6.66</tax>
		<updated>20050716T201234Z</updated>
	</order>
</body>
